<?xml version="1.0" encoding="UTF-8"?>
<!-- Generated by org.testng.reporters.JUnitReportReporter -->
<testsuite skipped="0" hostname="LAPTOP-JKEI96O7" name="testrunner.MethodCallingTest" tests="2" failures="0" timestamp="19 Oct 2019 13:17:45 GMT" time="4.541" errors="0">
  <testcase name="loginfeature" time="4.379" classname="testrunner.MethodCallingTest"/>
  <testcase name="registerfeature" time="0.162" classname="testrunner.MethodCallingTest"/>
</testsuite> <!-- testrunner.MethodCallingTest -->
