<?xml version="1.0" encoding="UTF-8"?>
<!-- Generated by org.testng.reporters.JUnitReportReporter -->
<testsuite skipped="0" hostname="LAPTOP-JKEI96O7" name="parallel.ParallelExecution" tests="2" failures="0" timestamp="19 Oct 2019 14:02:39 GMT" time="45.377" errors="0">
  <testcase name="initializingChrome" time="16.344" classname="parallel.ParallelExecution"/>
  <testcase name="initializingFirefox" time="29.033" classname="parallel.ParallelExecution"/>
</testsuite> <!-- parallel.ParallelExecution -->
